<?xml version="1.0" encoding="UTF-8"?>
<!-- Generated by org.testng.reporters.JUnitReportReporter -->
<testsuite skipped="0" hostname="DESKTOP-73G0TGN" name="core.RunClass" tests="2" failures="0" timestamp="2022-11-27T08:36:13 IST" time="51.258" errors="0">
  <testcase name="login" time="25.866" classname="core.RunClass"/>
  <system-out/>
  <testcase name="dashboard" time="25.392" classname="core.RunClass"/>
  <system-out/>
</testsuite> <!-- core.RunClass -->
